[0.298s] DEBUG:colcon:Command line arguments: ['/usr/bin/colcon', 'build', '--symlink-install']
[0.298s] DEBUG:colcon:Parsed command line arguments: Namespace(log_base=None, log_level=None, verb_name='build', build_base='build', install_base='install', merge_install=False, symlink_install=True, test_result_base=None, continue_on_error=False, executor='parallel', parallel_workers=8, event_handlers=None, ignore_user_meta=False, metas=['./colcon.meta'], base_paths=['.'], packages_ignore=None, packages_ignore_regex=None, paths=None, packages_up_to=None, packages_up_to_regex=None, packages_above=None, packages_above_and_dependencies=None, packages_above_depth=None, packages_select_by_dep=None, packages_skip_by_dep=None, packages_skip_up_to=None, packages_select_build_failed=False, packages_skip_build_finished=False, packages_select_test_failures=False, packages_skip_test_passed=False, packages_select=None, packages_skip=None, packages_select_regex=None, packages_skip_regex=None, packages_start=None, packages_end=None, allow_overriding=[], cmake_args=None, cmake_target=None, cmake_target_skip_unavailable=False, cmake_clean_cache=False, cmake_clean_first=False, cmake_force_configure=False, ament_cmake_args=None, catkin_cmake_args=None, catkin_skip_building_tests=False, mixin_files=None, mixin=None, verb_parser=<colcon_mixin.mixin.mixin_argument.MixinArgumentDecorator object at 0x7f1a49c6c410>, verb_extension=<colcon_core.verb.build.BuildVerb object at 0x7f1a49dc8a40>, main=<bound method BuildVerb.main of <colcon_core.verb.build.BuildVerb object at 0x7f1a49dc8a40>>, mixin_verb=('build',))
[0.357s] Level 1:colcon.colcon_core.package_discovery:discover_packages(colcon_meta) check parameters
[0.357s] Level 1:colcon.colcon_core.package_discovery:discover_packages(recursive) check parameters
[0.357s] Level 1:colcon.colcon_core.package_discovery:discover_packages(ignore) check parameters
[0.357s] Level 1:colcon.colcon_core.package_discovery:discover_packages(path) check parameters
[0.357s] Level 1:colcon.colcon_core.package_discovery:discover_packages(colcon_meta) discover
[0.358s] Level 1:colcon.colcon_core.package_discovery:discover_packages(recursive) discover
[0.358s] INFO:colcon.colcon_core.package_discovery:Crawling recursively for packages in '/home/laura/ros2_ws'
[0.358s] Level 1:colcon.colcon_core.package_identification:_identify(.) by extensions ['ignore', 'ignore_ament_install']
[0.358s] Level 1:colcon.colcon_core.package_identification:_identify(.) by extension 'ignore'
[0.358s] Level 1:colcon.colcon_core.package_identification:_identify(.) by extension 'ignore_ament_install'
[0.358s] Level 1:colcon.colcon_core.package_identification:_identify(.) by extensions ['colcon_pkg']
[0.358s] Level 1:colcon.colcon_core.package_identification:_identify(.) by extension 'colcon_pkg'
[0.358s] Level 1:colcon.colcon_core.package_identification:_identify(.) by extensions ['colcon_meta']
[0.358s] Level 1:colcon.colcon_core.package_identification:_identify(.) by extension 'colcon_meta'
[0.358s] Level 1:colcon.colcon_core.package_identification:_identify(.) by extensions ['ros']
[0.358s] Level 1:colcon.colcon_core.package_identification:_identify(.) by extension 'ros'
[0.385s] Level 1:colcon.colcon_core.package_identification:_identify(.) by extensions ['cmake', 'python']
[0.385s] Level 1:colcon.colcon_core.package_identification:_identify(.) by extension 'cmake'
[0.385s] Level 1:colcon.colcon_core.package_identification:_identify(.) by extension 'python'
[0.386s] Level 1:colcon.colcon_core.package_identification:_identify(.) by extensions ['python_setup_py']
[0.386s] Level 1:colcon.colcon_core.package_identification:_identify(.) by extension 'python_setup_py'
[0.386s] Level 1:colcon.colcon_core.package_identification:_identify(build) by extensions ['ignore', 'ignore_ament_install']
[0.386s] Level 1:colcon.colcon_core.package_identification:_identify(build) by extension 'ignore'
[0.386s] Level 1:colcon.colcon_core.package_identification:_identify(build) ignored
[0.386s] Level 1:colcon.colcon_core.package_identification:_identify(install) by extensions ['ignore', 'ignore_ament_install']
[0.386s] Level 1:colcon.colcon_core.package_identification:_identify(install) by extension 'ignore'
[0.386s] Level 1:colcon.colcon_core.package_identification:_identify(install) ignored
[0.386s] Level 1:colcon.colcon_core.package_identification:_identify(log) by extensions ['ignore', 'ignore_ament_install']
[0.386s] Level 1:colcon.colcon_core.package_identification:_identify(log) by extension 'ignore'
[0.386s] Level 1:colcon.colcon_core.package_identification:_identify(log) ignored
[0.386s] Level 1:colcon.colcon_core.package_identification:_identify(src) by extensions ['ignore', 'ignore_ament_install']
[0.387s] Level 1:colcon.colcon_core.package_identification:_identify(src) by extension 'ignore'
[0.387s] Level 1:colcon.colcon_core.package_identification:_identify(src) by extension 'ignore_ament_install'
[0.387s] Level 1:colcon.colcon_core.package_identification:_identify(src) by extensions ['colcon_pkg']
[0.387s] Level 1:colcon.colcon_core.package_identification:_identify(src) by extension 'colcon_pkg'
[0.387s] Level 1:colcon.colcon_core.package_identification:_identify(src) by extensions ['colcon_meta']
[0.387s] Level 1:colcon.colcon_core.package_identification:_identify(src) by extension 'colcon_meta'
[0.387s] Level 1:colcon.colcon_core.package_identification:_identify(src) by extensions ['ros']
[0.387s] Level 1:colcon.colcon_core.package_identification:_identify(src) by extension 'ros'
[0.387s] Level 1:colcon.colcon_core.package_identification:_identify(src) by extensions ['cmake', 'python']
[0.387s] Level 1:colcon.colcon_core.package_identification:_identify(src) by extension 'cmake'
[0.387s] Level 1:colcon.colcon_core.package_identification:_identify(src) by extension 'python'
[0.387s] Level 1:colcon.colcon_core.package_identification:_identify(src) by extensions ['python_setup_py']
[0.387s] Level 1:colcon.colcon_core.package_identification:_identify(src) by extension 'python_setup_py'
[0.387s] Level 1:colcon.colcon_core.package_identification:_identify(src/brazo_robotico_urdf) by extensions ['ignore', 'ignore_ament_install']
[0.387s] Level 1:colcon.colcon_core.package_identification:_identify(src/brazo_robotico_urdf) by extension 'ignore'
[0.387s] Level 1:colcon.colcon_core.package_identification:_identify(src/brazo_robotico_urdf) by extension 'ignore_ament_install'
[0.387s] Level 1:colcon.colcon_core.package_identification:_identify(src/brazo_robotico_urdf) by extensions ['colcon_pkg']
[0.387s] Level 1:colcon.colcon_core.package_identification:_identify(src/brazo_robotico_urdf) by extension 'colcon_pkg'
[0.387s] Level 1:colcon.colcon_core.package_identification:_identify(src/brazo_robotico_urdf) by extensions ['colcon_meta']
[0.387s] Level 1:colcon.colcon_core.package_identification:_identify(src/brazo_robotico_urdf) by extension 'colcon_meta'
[0.387s] Level 1:colcon.colcon_core.package_identification:_identify(src/brazo_robotico_urdf) by extensions ['ros']
[0.388s] Level 1:colcon.colcon_core.package_identification:_identify(src/brazo_robotico_urdf) by extension 'ros'
[0.388s] Level 1:colcon.colcon_core.package_identification:_identify(src/brazo_robotico_urdf) by extensions ['cmake', 'python']
[0.388s] Level 1:colcon.colcon_core.package_identification:_identify(src/brazo_robotico_urdf) by extension 'cmake'
[0.388s] Level 1:colcon.colcon_core.package_identification:_identify(src/brazo_robotico_urdf) by extension 'python'
[0.388s] Level 1:colcon.colcon_core.package_identification:_identify(src/brazo_robotico_urdf) by extensions ['python_setup_py']
[0.388s] Level 1:colcon.colcon_core.package_identification:_identify(src/brazo_robotico_urdf) by extension 'python_setup_py'
[0.388s] Level 1:colcon.colcon_core.package_identification:_identify(src/brazo_robotico_urdf/Ensamblee) by extensions ['ignore', 'ignore_ament_install']
[0.388s] Level 1:colcon.colcon_core.package_identification:_identify(src/brazo_robotico_urdf/Ensamblee) by extension 'ignore'
[0.388s] Level 1:colcon.colcon_core.package_identification:_identify(src/brazo_robotico_urdf/Ensamblee) by extension 'ignore_ament_install'
[0.388s] Level 1:colcon.colcon_core.package_identification:_identify(src/brazo_robotico_urdf/Ensamblee) by extensions ['colcon_pkg']
[0.388s] Level 1:colcon.colcon_core.package_identification:_identify(src/brazo_robotico_urdf/Ensamblee) by extension 'colcon_pkg'
[0.388s] Level 1:colcon.colcon_core.package_identification:_identify(src/brazo_robotico_urdf/Ensamblee) by extensions ['colcon_meta']
[0.388s] Level 1:colcon.colcon_core.package_identification:_identify(src/brazo_robotico_urdf/Ensamblee) by extension 'colcon_meta'
[0.388s] Level 1:colcon.colcon_core.package_identification:_identify(src/brazo_robotico_urdf/Ensamblee) by extensions ['ros']
[0.388s] Level 1:colcon.colcon_core.package_identification:_identify(src/brazo_robotico_urdf/Ensamblee) by extension 'ros'
[0.392s] DEBUG:colcon.colcon_core.package_identification:Package 'src/brazo_robotico_urdf/Ensamblee' with type 'ros.ament_cmake' and name 'Ensamblee'
[0.392s] Level 1:colcon.colcon_core.package_identification:_identify(src/robot_arm_urdf) by extensions ['ignore', 'ignore_ament_install']
[0.392s] Level 1:colcon.colcon_core.package_identification:_identify(src/robot_arm_urdf) by extension 'ignore'
[0.392s] Level 1:colcon.colcon_core.package_identification:_identify(src/robot_arm_urdf) by extension 'ignore_ament_install'
[0.392s] Level 1:colcon.colcon_core.package_identification:_identify(src/robot_arm_urdf) by extensions ['colcon_pkg']
[0.392s] Level 1:colcon.colcon_core.package_identification:_identify(src/robot_arm_urdf) by extension 'colcon_pkg'
[0.392s] Level 1:colcon.colcon_core.package_identification:_identify(src/robot_arm_urdf) by extensions ['colcon_meta']
[0.392s] Level 1:colcon.colcon_core.package_identification:_identify(src/robot_arm_urdf) by extension 'colcon_meta'
[0.392s] Level 1:colcon.colcon_core.package_identification:_identify(src/robot_arm_urdf) by extensions ['ros']
[0.392s] Level 1:colcon.colcon_core.package_identification:_identify(src/robot_arm_urdf) by extension 'ros'
[0.393s] DEBUG:colcon.colcon_core.package_identification:Package 'src/robot_arm_urdf' with type 'ros.ament_cmake' and name 'robot_arm_urdf'
[0.393s] Level 1:colcon.colcon_core.package_discovery:discover_packages(recursive) using defaults
[0.393s] Level 1:colcon.colcon_core.package_discovery:discover_packages(ignore) discover
[0.393s] Level 1:colcon.colcon_core.package_discovery:discover_packages(ignore) using defaults
[0.393s] Level 1:colcon.colcon_core.package_discovery:discover_packages(path) discover
[0.393s] Level 1:colcon.colcon_core.package_discovery:discover_packages(path) using defaults
[0.425s] Level 1:colcon.colcon_core.package_discovery:discover_packages(prefix_path) check parameters
[0.425s] Level 1:colcon.colcon_core.package_discovery:discover_packages(prefix_path) discover
[0.433s] DEBUG:colcon.colcon_installed_package_information.package_discovery:Found 321 installed packages in /opt/ros/jazzy
[0.436s] Level 1:colcon.colcon_core.package_discovery:discover_packages(prefix_path) using defaults
[0.501s] Level 5:colcon.colcon_core.verb:set package 'Ensamblee' build argument 'cmake_args' from command line to 'None'
[0.501s] Level 5:colcon.colcon_core.verb:set package 'Ensamblee' build argument 'cmake_target' from command line to 'None'
[0.501s] Level 5:colcon.colcon_core.verb:set package 'Ensamblee' build argument 'cmake_target_skip_unavailable' from command line to 'False'
[0.501s] Level 5:colcon.colcon_core.verb:set package 'Ensamblee' build argument 'cmake_clean_cache' from command line to 'False'
[0.501s] Level 5:colcon.colcon_core.verb:set package 'Ensamblee' build argument 'cmake_clean_first' from command line to 'False'
[0.501s] Level 5:colcon.colcon_core.verb:set package 'Ensamblee' build argument 'cmake_force_configure' from command line to 'False'
[0.501s] Level 5:colcon.colcon_core.verb:set package 'Ensamblee' build argument 'ament_cmake_args' from command line to 'None'
[0.501s] Level 5:colcon.colcon_core.verb:set package 'Ensamblee' build argument 'catkin_cmake_args' from command line to 'None'
[0.501s] Level 5:colcon.colcon_core.verb:set package 'Ensamblee' build argument 'catkin_skip_building_tests' from command line to 'False'
[0.501s] DEBUG:colcon.colcon_core.verb:Building package 'Ensamblee' with the following arguments: {'ament_cmake_args': None, 'build_base': '/home/laura/ros2_ws/build/Ensamblee', 'catkin_cmake_args': None, 'catkin_skip_building_tests': False, 'cmake_args': None, 'cmake_clean_cache': False, 'cmake_clean_first': False, 'cmake_force_configure': False, 'cmake_target': None, 'cmake_target_skip_unavailable': False, 'install_base': '/home/laura/ros2_ws/install/Ensamblee', 'merge_install': False, 'path': '/home/laura/ros2_ws/src/brazo_robotico_urdf/Ensamblee', 'symlink_install': True, 'test_result_base': None}
[0.501s] Level 5:colcon.colcon_core.verb:set package 'robot_arm_urdf' build argument 'cmake_args' from command line to 'None'
[0.502s] Level 5:colcon.colcon_core.verb:set package 'robot_arm_urdf' build argument 'cmake_target' from command line to 'None'
[0.502s] Level 5:colcon.colcon_core.verb:set package 'robot_arm_urdf' build argument 'cmake_target_skip_unavailable' from command line to 'False'
[0.502s] Level 5:colcon.colcon_core.verb:set package 'robot_arm_urdf' build argument 'cmake_clean_cache' from command line to 'False'
[0.502s] Level 5:colcon.colcon_core.verb:set package 'robot_arm_urdf' build argument 'cmake_clean_first' from command line to 'False'
[0.502s] Level 5:colcon.colcon_core.verb:set package 'robot_arm_urdf' build argument 'cmake_force_configure' from command line to 'False'
[0.502s] Level 5:colcon.colcon_core.verb:set package 'robot_arm_urdf' build argument 'ament_cmake_args' from command line to 'None'
[0.502s] Level 5:colcon.colcon_core.verb:set package 'robot_arm_urdf' build argument 'catkin_cmake_args' from command line to 'None'
[0.502s] Level 5:colcon.colcon_core.verb:set package 'robot_arm_urdf' build argument 'catkin_skip_building_tests' from command line to 'False'
[0.502s] DEBUG:colcon.colcon_core.verb:Building package 'robot_arm_urdf' with the following arguments: {'ament_cmake_args': None, 'build_base': '/home/laura/ros2_ws/build/robot_arm_urdf', 'catkin_cmake_args': None, 'catkin_skip_building_tests': False, 'cmake_args': None, 'cmake_clean_cache': False, 'cmake_clean_first': False, 'cmake_force_configure': False, 'cmake_target': None, 'cmake_target_skip_unavailable': False, 'install_base': '/home/laura/ros2_ws/install/robot_arm_urdf', 'merge_install': False, 'path': '/home/laura/ros2_ws/src/robot_arm_urdf', 'symlink_install': True, 'test_result_base': None}
[0.502s] INFO:colcon.colcon_core.executor:Executing jobs using 'parallel' executor
[0.503s] DEBUG:colcon.colcon_parallel_executor.executor.parallel:run_until_complete
[0.503s] INFO:colcon.colcon_ros.task.ament_cmake.build:Building ROS package in '/home/laura/ros2_ws/src/brazo_robotico_urdf/Ensamblee' with build type 'ament_cmake'
[0.503s] INFO:colcon.colcon_cmake.task.cmake.build:Building CMake package in '/home/laura/ros2_ws/src/brazo_robotico_urdf/Ensamblee'
[0.509s] INFO:colcon.colcon_core.plugin_system:Skipping extension 'colcon_core.shell.bat': Not used on non-Windows systems
[0.509s] INFO:colcon.colcon_core.shell:Skip shell extension 'powershell' for command environment: Not usable outside of PowerShell
[0.509s] DEBUG:colcon.colcon_core.shell:Skip shell extension 'dsv' for command environment
[0.514s] INFO:colcon.colcon_ros.task.ament_cmake.build:Building ROS package in '/home/laura/ros2_ws/src/robot_arm_urdf' with build type 'ament_cmake'
[0.514s] INFO:colcon.colcon_cmake.task.cmake.build:Building CMake package in '/home/laura/ros2_ws/src/robot_arm_urdf'
[0.514s] INFO:colcon.colcon_core.shell:Skip shell extension 'powershell' for command environment: Not usable outside of PowerShell
[0.514s] DEBUG:colcon.colcon_core.shell:Skip shell extension 'dsv' for command environment
[0.523s] DEBUG:colcon.colcon_core.event_handler.log_command:Invoking command in '/home/laura/ros2_ws/build/Ensamblee': CMAKE_PREFIX_PATH=${CMAKE_PREFIX_PATH}:/opt/ros/jazzy DEBUGINFOD_URLS=https://debuginfod.ubuntu.com /usr/bin/cmake /home/laura/ros2_ws/src/brazo_robotico_urdf/Ensamblee -DAMENT_CMAKE_SYMLINK_INSTALL=1 -DCMAKE_INSTALL_PREFIX=/home/laura/ros2_ws/install/Ensamblee
[0.529s] DEBUG:colcon.colcon_core.event_handler.log_command:Invoking command in '/home/laura/ros2_ws/build/robot_arm_urdf': CMAKE_PREFIX_PATH=${CMAKE_PREFIX_PATH}:/opt/ros/jazzy DEBUGINFOD_URLS=https://debuginfod.ubuntu.com /usr/bin/cmake /home/laura/ros2_ws/src/robot_arm_urdf -DAMENT_CMAKE_SYMLINK_INSTALL=1 -DCMAKE_INSTALL_PREFIX=/home/laura/ros2_ws/install/robot_arm_urdf
[1.088s] DEBUG:colcon.colcon_core.event_handler.log_command:Invoked command in '/home/laura/ros2_ws/build/robot_arm_urdf' returned '0': CMAKE_PREFIX_PATH=${CMAKE_PREFIX_PATH}:/opt/ros/jazzy DEBUGINFOD_URLS=https://debuginfod.ubuntu.com /usr/bin/cmake /home/laura/ros2_ws/src/robot_arm_urdf -DAMENT_CMAKE_SYMLINK_INSTALL=1 -DCMAKE_INSTALL_PREFIX=/home/laura/ros2_ws/install/robot_arm_urdf
[1.090s] DEBUG:colcon.colcon_core.event_handler.log_command:Invoking command in '/home/laura/ros2_ws/build/robot_arm_urdf': CMAKE_PREFIX_PATH=${CMAKE_PREFIX_PATH}:/opt/ros/jazzy DEBUGINFOD_URLS=https://debuginfod.ubuntu.com /usr/bin/cmake --build /home/laura/ros2_ws/build/robot_arm_urdf -- -j8 -l8
[1.091s] DEBUG:colcon.colcon_core.event_handler.log_command:Invoked command in '/home/laura/ros2_ws/build/Ensamblee' returned '0': CMAKE_PREFIX_PATH=${CMAKE_PREFIX_PATH}:/opt/ros/jazzy DEBUGINFOD_URLS=https://debuginfod.ubuntu.com /usr/bin/cmake /home/laura/ros2_ws/src/brazo_robotico_urdf/Ensamblee -DAMENT_CMAKE_SYMLINK_INSTALL=1 -DCMAKE_INSTALL_PREFIX=/home/laura/ros2_ws/install/Ensamblee
[1.093s] DEBUG:colcon.colcon_core.event_handler.log_command:Invoking command in '/home/laura/ros2_ws/build/Ensamblee': CMAKE_PREFIX_PATH=${CMAKE_PREFIX_PATH}:/opt/ros/jazzy DEBUGINFOD_URLS=https://debuginfod.ubuntu.com /usr/bin/cmake --build /home/laura/ros2_ws/build/Ensamblee -- -j8 -l8
[1.160s] DEBUG:colcon.colcon_core.event_handler.log_command:Invoked command in '/home/laura/ros2_ws/build/robot_arm_urdf' returned '0': CMAKE_PREFIX_PATH=${CMAKE_PREFIX_PATH}:/opt/ros/jazzy DEBUGINFOD_URLS=https://debuginfod.ubuntu.com /usr/bin/cmake --build /home/laura/ros2_ws/build/robot_arm_urdf -- -j8 -l8
[1.177s] DEBUG:colcon.colcon_core.event_handler.log_command:Invoking command in '/home/laura/ros2_ws/build/robot_arm_urdf': CMAKE_PREFIX_PATH=${CMAKE_PREFIX_PATH}:/opt/ros/jazzy DEBUGINFOD_URLS=https://debuginfod.ubuntu.com /usr/bin/cmake --install /home/laura/ros2_ws/build/robot_arm_urdf
[1.180s] DEBUG:colcon.colcon_core.event_handler.log_command:Invoked command in '/home/laura/ros2_ws/build/Ensamblee' returned '0': CMAKE_PREFIX_PATH=${CMAKE_PREFIX_PATH}:/opt/ros/jazzy DEBUGINFOD_URLS=https://debuginfod.ubuntu.com /usr/bin/cmake --build /home/laura/ros2_ws/build/Ensamblee -- -j8 -l8
[1.181s] DEBUG:colcon.colcon_core.event_handler.log_command:Invoking command in '/home/laura/ros2_ws/build/Ensamblee': CMAKE_PREFIX_PATH=${CMAKE_PREFIX_PATH}:/opt/ros/jazzy DEBUGINFOD_URLS=https://debuginfod.ubuntu.com /usr/bin/cmake --install /home/laura/ros2_ws/build/Ensamblee
[1.507s] Level 1:colcon.colcon_core.environment:create_environment_scripts_only(robot_arm_urdf)
[1.508s] DEBUG:colcon.colcon_core.event_handler.log_command:Invoked command in '/home/laura/ros2_ws/build/robot_arm_urdf' returned '0': CMAKE_PREFIX_PATH=${CMAKE_PREFIX_PATH}:/opt/ros/jazzy DEBUGINFOD_URLS=https://debuginfod.ubuntu.com /usr/bin/cmake --install /home/laura/ros2_ws/build/robot_arm_urdf
[1.514s] Level 1:colcon.colcon_core.environment:checking '/home/laura/ros2_ws/install/robot_arm_urdf' for CMake module files
[1.515s] Level 1:colcon.colcon_core.environment:checking '/home/laura/ros2_ws/install/robot_arm_urdf' for CMake config files
[1.516s] Level 1:colcon.colcon_core.shell:create_environment_hook('robot_arm_urdf', 'cmake_prefix_path')
[1.516s] INFO:colcon.colcon_core.shell:Creating environment hook '/home/laura/ros2_ws/install/robot_arm_urdf/share/robot_arm_urdf/hook/cmake_prefix_path.ps1'
[1.517s] INFO:colcon.colcon_core.shell:Creating environment descriptor '/home/laura/ros2_ws/install/robot_arm_urdf/share/robot_arm_urdf/hook/cmake_prefix_path.dsv'
[1.518s] INFO:colcon.colcon_core.shell:Creating environment hook '/home/laura/ros2_ws/install/robot_arm_urdf/share/robot_arm_urdf/hook/cmake_prefix_path.sh'
[1.519s] Level 1:colcon.colcon_core.environment:checking '/home/laura/ros2_ws/install/robot_arm_urdf/bin'
[1.519s] Level 1:colcon.colcon_core.environment:checking '/home/laura/ros2_ws/install/robot_arm_urdf/lib/pkgconfig/robot_arm_urdf.pc'
[1.519s] Level 1:colcon.colcon_core.environment:checking '/home/laura/ros2_ws/install/robot_arm_urdf/lib/python3.12/site-packages'
[1.520s] Level 1:colcon.colcon_core.environment:checking '/home/laura/ros2_ws/install/robot_arm_urdf/bin'
[1.520s] INFO:colcon.colcon_core.shell:Creating package script '/home/laura/ros2_ws/install/robot_arm_urdf/share/robot_arm_urdf/package.ps1'
[1.521s] INFO:colcon.colcon_core.shell:Creating package descriptor '/home/laura/ros2_ws/install/robot_arm_urdf/share/robot_arm_urdf/package.dsv'
[1.522s] INFO:colcon.colcon_core.shell:Creating package script '/home/laura/ros2_ws/install/robot_arm_urdf/share/robot_arm_urdf/package.sh'
[1.523s] INFO:colcon.colcon_core.shell:Creating package script '/home/laura/ros2_ws/install/robot_arm_urdf/share/robot_arm_urdf/package.bash'
[1.524s] INFO:colcon.colcon_core.shell:Creating package script '/home/laura/ros2_ws/install/robot_arm_urdf/share/robot_arm_urdf/package.zsh'
[1.525s] Level 1:colcon.colcon_core.environment:create_file_with_runtime_dependencies(/home/laura/ros2_ws/install/robot_arm_urdf/share/colcon-core/packages/robot_arm_urdf)
[1.526s] Level 1:colcon.colcon_core.environment:create_environment_scripts_only(robot_arm_urdf)
[1.526s] Level 1:colcon.colcon_core.environment:checking '/home/laura/ros2_ws/install/robot_arm_urdf' for CMake module files
[1.527s] Level 1:colcon.colcon_core.environment:checking '/home/laura/ros2_ws/install/robot_arm_urdf' for CMake config files
[1.527s] Level 1:colcon.colcon_core.shell:create_environment_hook('robot_arm_urdf', 'cmake_prefix_path')
[1.527s] INFO:colcon.colcon_core.shell:Creating environment hook '/home/laura/ros2_ws/install/robot_arm_urdf/share/robot_arm_urdf/hook/cmake_prefix_path.ps1'
[1.528s] INFO:colcon.colcon_core.shell:Creating environment descriptor '/home/laura/ros2_ws/install/robot_arm_urdf/share/robot_arm_urdf/hook/cmake_prefix_path.dsv'
[1.528s] INFO:colcon.colcon_core.shell:Creating environment hook '/home/laura/ros2_ws/install/robot_arm_urdf/share/robot_arm_urdf/hook/cmake_prefix_path.sh'
[1.529s] Level 1:colcon.colcon_core.environment:checking '/home/laura/ros2_ws/install/robot_arm_urdf/bin'
[1.529s] Level 1:colcon.colcon_core.environment:checking '/home/laura/ros2_ws/install/robot_arm_urdf/lib/pkgconfig/robot_arm_urdf.pc'
[1.529s] Level 1:colcon.colcon_core.environment:checking '/home/laura/ros2_ws/install/robot_arm_urdf/lib/python3.12/site-packages'
[1.530s] Level 1:colcon.colcon_core.environment:checking '/home/laura/ros2_ws/install/robot_arm_urdf/bin'
[1.530s] INFO:colcon.colcon_core.shell:Creating package script '/home/laura/ros2_ws/install/robot_arm_urdf/share/robot_arm_urdf/package.ps1'
[1.531s] INFO:colcon.colcon_core.shell:Creating package descriptor '/home/laura/ros2_ws/install/robot_arm_urdf/share/robot_arm_urdf/package.dsv'
[1.531s] INFO:colcon.colcon_core.shell:Creating package script '/home/laura/ros2_ws/install/robot_arm_urdf/share/robot_arm_urdf/package.sh'
[1.532s] INFO:colcon.colcon_core.shell:Creating package script '/home/laura/ros2_ws/install/robot_arm_urdf/share/robot_arm_urdf/package.bash'
[1.533s] INFO:colcon.colcon_core.shell:Creating package script '/home/laura/ros2_ws/install/robot_arm_urdf/share/robot_arm_urdf/package.zsh'
[1.533s] Level 1:colcon.colcon_core.environment:create_file_with_runtime_dependencies(/home/laura/ros2_ws/install/robot_arm_urdf/share/colcon-core/packages/robot_arm_urdf)
[1.535s] Level 1:colcon.colcon_core.environment:create_environment_scripts_only(Ensamblee)
[1.535s] Level 1:colcon.colcon_core.environment:checking '/home/laura/ros2_ws/install/Ensamblee' for CMake module files
[1.536s] DEBUG:colcon.colcon_core.event_handler.log_command:Invoked command in '/home/laura/ros2_ws/build/Ensamblee' returned '0': CMAKE_PREFIX_PATH=${CMAKE_PREFIX_PATH}:/opt/ros/jazzy DEBUGINFOD_URLS=https://debuginfod.ubuntu.com /usr/bin/cmake --install /home/laura/ros2_ws/build/Ensamblee
[1.537s] Level 1:colcon.colcon_core.environment:checking '/home/laura/ros2_ws/install/Ensamblee' for CMake config files
[1.538s] Level 1:colcon.colcon_core.shell:create_environment_hook('Ensamblee', 'cmake_prefix_path')
[1.538s] INFO:colcon.colcon_core.shell:Creating environment hook '/home/laura/ros2_ws/install/Ensamblee/share/Ensamblee/hook/cmake_prefix_path.ps1'
[1.539s] INFO:colcon.colcon_core.shell:Creating environment descriptor '/home/laura/ros2_ws/install/Ensamblee/share/Ensamblee/hook/cmake_prefix_path.dsv'
[1.539s] INFO:colcon.colcon_core.shell:Creating environment hook '/home/laura/ros2_ws/install/Ensamblee/share/Ensamblee/hook/cmake_prefix_path.sh'
[1.540s] Level 1:colcon.colcon_core.environment:checking '/home/laura/ros2_ws/install/Ensamblee/bin'
[1.541s] Level 1:colcon.colcon_core.environment:checking '/home/laura/ros2_ws/install/Ensamblee/lib/pkgconfig/Ensamblee.pc'
[1.541s] Level 1:colcon.colcon_core.environment:checking '/home/laura/ros2_ws/install/Ensamblee/lib/python3.12/site-packages'
[1.542s] Level 1:colcon.colcon_core.environment:checking '/home/laura/ros2_ws/install/Ensamblee/bin'
[1.542s] INFO:colcon.colcon_core.shell:Creating package script '/home/laura/ros2_ws/install/Ensamblee/share/Ensamblee/package.ps1'
[1.543s] INFO:colcon.colcon_core.shell:Creating package descriptor '/home/laura/ros2_ws/install/Ensamblee/share/Ensamblee/package.dsv'
[1.543s] INFO:colcon.colcon_core.shell:Creating package script '/home/laura/ros2_ws/install/Ensamblee/share/Ensamblee/package.sh'
[1.544s] INFO:colcon.colcon_core.shell:Creating package script '/home/laura/ros2_ws/install/Ensamblee/share/Ensamblee/package.bash'
[1.545s] INFO:colcon.colcon_core.shell:Creating package script '/home/laura/ros2_ws/install/Ensamblee/share/Ensamblee/package.zsh'
[1.545s] Level 1:colcon.colcon_core.environment:create_file_with_runtime_dependencies(/home/laura/ros2_ws/install/Ensamblee/share/colcon-core/packages/Ensamblee)
[1.546s] Level 1:colcon.colcon_core.environment:create_environment_scripts_only(Ensamblee)
[1.547s] Level 1:colcon.colcon_core.environment:checking '/home/laura/ros2_ws/install/Ensamblee' for CMake module files
[1.548s] Level 1:colcon.colcon_core.environment:checking '/home/laura/ros2_ws/install/Ensamblee' for CMake config files
[1.549s] Level 1:colcon.colcon_core.shell:create_environment_hook('Ensamblee', 'cmake_prefix_path')
[1.549s] INFO:colcon.colcon_core.shell:Creating environment hook '/home/laura/ros2_ws/install/Ensamblee/share/Ensamblee/hook/cmake_prefix_path.ps1'
[1.550s] INFO:colcon.colcon_core.shell:Creating environment descriptor '/home/laura/ros2_ws/install/Ensamblee/share/Ensamblee/hook/cmake_prefix_path.dsv'
[1.550s] INFO:colcon.colcon_core.shell:Creating environment hook '/home/laura/ros2_ws/install/Ensamblee/share/Ensamblee/hook/cmake_prefix_path.sh'
[1.551s] Level 1:colcon.colcon_core.environment:checking '/home/laura/ros2_ws/install/Ensamblee/bin'
[1.552s] Level 1:colcon.colcon_core.environment:checking '/home/laura/ros2_ws/install/Ensamblee/lib/pkgconfig/Ensamblee.pc'
[1.552s] Level 1:colcon.colcon_core.environment:checking '/home/laura/ros2_ws/install/Ensamblee/lib/python3.12/site-packages'
[1.553s] Level 1:colcon.colcon_core.environment:checking '/home/laura/ros2_ws/install/Ensamblee/bin'
[1.553s] INFO:colcon.colcon_core.shell:Creating package script '/home/laura/ros2_ws/install/Ensamblee/share/Ensamblee/package.ps1'
[1.554s] INFO:colcon.colcon_core.shell:Creating package descriptor '/home/laura/ros2_ws/install/Ensamblee/share/Ensamblee/package.dsv'
[1.555s] INFO:colcon.colcon_core.shell:Creating package script '/home/laura/ros2_ws/install/Ensamblee/share/Ensamblee/package.sh'
[1.556s] INFO:colcon.colcon_core.shell:Creating package script '/home/laura/ros2_ws/install/Ensamblee/share/Ensamblee/package.bash'
[1.556s] INFO:colcon.colcon_core.shell:Creating package script '/home/laura/ros2_ws/install/Ensamblee/share/Ensamblee/package.zsh'
[1.557s] Level 1:colcon.colcon_core.environment:create_file_with_runtime_dependencies(/home/laura/ros2_ws/install/Ensamblee/share/colcon-core/packages/Ensamblee)
[1.557s] DEBUG:colcon.colcon_parallel_executor.executor.parallel:closing loop
[1.558s] DEBUG:colcon.colcon_parallel_executor.executor.parallel:loop closed
[1.558s] DEBUG:colcon.colcon_parallel_executor.executor.parallel:run_until_complete finished with '0'
[1.558s] DEBUG:colcon.colcon_core.event_reactor:joining thread
[1.568s] INFO:colcon.colcon_core.plugin_system:Skipping extension 'colcon_notification.desktop_notification.terminal_notifier': Not used on non-Darwin systems
[1.568s] INFO:colcon.colcon_core.plugin_system:Skipping extension 'colcon_notification.desktop_notification.win32': Not used on non-Windows systems
[1.568s] INFO:colcon.colcon_notification.desktop_notification:Sending desktop notification using 'notify2'
[1.588s] DEBUG:colcon.colcon_core.event_reactor:joined thread
[1.588s] INFO:colcon.colcon_core.shell:Creating prefix script '/home/laura/ros2_ws/install/local_setup.ps1'
[1.589s] INFO:colcon.colcon_core.shell:Creating prefix util module '/home/laura/ros2_ws/install/_local_setup_util_ps1.py'
[1.592s] INFO:colcon.colcon_core.shell:Creating prefix chain script '/home/laura/ros2_ws/install/setup.ps1'
[1.593s] INFO:colcon.colcon_core.shell:Creating prefix script '/home/laura/ros2_ws/install/local_setup.sh'
[1.594s] INFO:colcon.colcon_core.shell:Creating prefix util module '/home/laura/ros2_ws/install/_local_setup_util_sh.py'
[1.595s] INFO:colcon.colcon_core.shell:Creating prefix chain script '/home/laura/ros2_ws/install/setup.sh'
[1.597s] INFO:colcon.colcon_core.shell:Creating prefix script '/home/laura/ros2_ws/install/local_setup.bash'
[1.598s] INFO:colcon.colcon_core.shell:Creating prefix chain script '/home/laura/ros2_ws/install/setup.bash'
[1.600s] INFO:colcon.colcon_core.shell:Creating prefix script '/home/laura/ros2_ws/install/local_setup.zsh'
[1.601s] INFO:colcon.colcon_core.shell:Creating prefix chain script '/home/laura/ros2_ws/install/setup.zsh'
