-- Install configuration: ""
-- Up-to-date: /home/laura/ros2_ws/install/ensamble_general_urdf/share/ensamble_general_urdf/launch
-- Up-to-date: /home/laura/ros2_ws/install/ensamble_general_urdf/share/ensamble_general_urdf/launch/display.launch.py
-- Up-to-date: /home/laura/ros2_ws/install/ensamble_general_urdf/share/ensamble_general_urdf/launch/gazebo.launch.py
-- Up-to-date: /home/laura/ros2_ws/install/ensamble_general_urdf/share/ensamble_general_urdf/meshes
-- Up-to-date: /home/laura/ros2_ws/install/ensamble_general_urdf/share/ensamble_general_urdf/meshes/soporte_pinza.STL
-- Up-to-date: /home/laura/ros2_ws/install/ensamble_general_urdf/share/ensamble_general_urdf/meshes/base_giratoria.STL
-- Up-to-date: /home/laura/ros2_ws/install/ensamble_general_urdf/share/ensamble_general_urdf/meshes/dedo_2.STL
-- Up-to-date: /home/laura/ros2_ws/install/ensamble_general_urdf/share/ensamble_general_urdf/meshes/eslabon_superior.STL
-- Up-to-date: /home/laura/ros2_ws/install/ensamble_general_urdf/share/ensamble_general_urdf/meshes/eslabon_inferior.STL
-- Up-to-date: /home/laura/ros2_ws/install/ensamble_general_urdf/share/ensamble_general_urdf/meshes/base.STL
-- Up-to-date: /home/laura/ros2_ws/install/ensamble_general_urdf/share/ensamble_general_urdf/meshes/dedo_1.STL
-- Up-to-date: /home/laura/ros2_ws/install/ensamble_general_urdf/share/ensamble_general_urdf/urdf
-- Up-to-date: /home/laura/ros2_ws/install/ensamble_general_urdf/share/ensamble_general_urdf/urdf/ensamble_general_urdf.csv
-- Installing: /home/laura/ros2_ws/install/ensamble_general_urdf/share/ensamble_general_urdf/urdf/ensamble_general_urdf.urdf
-- Up-to-date: /home/laura/ros2_ws/install/ensamble_general_urdf/share/ament_index/resource_index/package_run_dependencies/ensamble_general_urdf
-- Up-to-date: /home/laura/ros2_ws/install/ensamble_general_urdf/share/ament_index/resource_index/parent_prefix_path/ensamble_general_urdf
-- Up-to-date: /home/laura/ros2_ws/install/ensamble_general_urdf/share/ensamble_general_urdf/environment/ament_prefix_path.sh
-- Up-to-date: /home/laura/ros2_ws/install/ensamble_general_urdf/share/ensamble_general_urdf/environment/ament_prefix_path.dsv
-- Up-to-date: /home/laura/ros2_ws/install/ensamble_general_urdf/share/ensamble_general_urdf/environment/path.sh
-- Up-to-date: /home/laura/ros2_ws/install/ensamble_general_urdf/share/ensamble_general_urdf/environment/path.dsv
-- Up-to-date: /home/laura/ros2_ws/install/ensamble_general_urdf/share/ensamble_general_urdf/local_setup.bash
-- Up-to-date: /home/laura/ros2_ws/install/ensamble_general_urdf/share/ensamble_general_urdf/local_setup.sh
-- Up-to-date: /home/laura/ros2_ws/install/ensamble_general_urdf/share/ensamble_general_urdf/local_setup.zsh
-- Up-to-date: /home/laura/ros2_ws/install/ensamble_general_urdf/share/ensamble_general_urdf/local_setup.dsv
-- Up-to-date: /home/laura/ros2_ws/install/ensamble_general_urdf/share/ensamble_general_urdf/package.dsv
-- Up-to-date: /home/laura/ros2_ws/install/ensamble_general_urdf/share/ament_index/resource_index/packages/ensamble_general_urdf
-- Up-to-date: /home/laura/ros2_ws/install/ensamble_general_urdf/share/ensamble_general_urdf/cmake/ensamble_general_urdfConfig.cmake
-- Up-to-date: /home/laura/ros2_ws/install/ensamble_general_urdf/share/ensamble_general_urdf/cmake/ensamble_general_urdfConfig-version.cmake
-- Up-to-date: /home/laura/ros2_ws/install/ensamble_general_urdf/share/ensamble_general_urdf/package.xml
