[0.007s] Invoking command in '/home/laura/ros2_ws/build/Ensamblee': DEBUGINFOD_URLS=https://debuginfod.ubuntu.com /usr/bin/cmake /home/laura/ros2_ws/src/brazo_robotico_urdf/Ensamblee -DAMENT_CMAKE_SYMLINK_INSTALL=1 -DCMAKE_INSTALL_PREFIX=/home/laura/ros2_ws/install/Ensamblee
[0.121s] -- The C compiler identification is GNU 13.3.0
[0.227s] -- The CXX compiler identification is GNU 13.3.0
[0.241s] -- Detecting C compiler ABI info
[0.320s] -- Detecting C compiler ABI info - done
[0.329s] -- Check for working C compiler: /usr/bin/cc - skipped
[0.329s] -- Detecting C compile features
[0.330s] -- Detecting C compile features - done
[0.338s] -- Detecting CXX compiler ABI info
[0.424s] -- Detecting CXX compiler ABI info - done
[0.433s] -- Check for working CXX compiler: /usr/bin/c++ - skipped
[0.434s] -- Detecting CXX compile features
[0.434s] -- Detecting CXX compile features - done
[0.447s] [31mCMake Error at CMakeLists.txt:8 (find_package):
[0.447s]   By not providing "Findament_cmake.cmake" in CMAKE_MODULE_PATH this project
[0.448s]   has asked CMake to find a package configuration file provided by
[0.448s]   "ament_cmake", but CMake did not find one.
[0.448s] 
[0.448s]   Could not find a package configuration file provided by "ament_cmake" with
[0.448s]   any of the following names:
[0.448s] 
[0.448s]     ament_cmakeConfig.cmake
[0.448s]     ament_cmake-config.cmake
[0.448s] 
[0.448s]   Add the installation prefix of "ament_cmake" to CMAKE_PREFIX_PATH or set
[0.449s]   "ament_cmake_DIR" to a directory containing one of the above files.  If
[0.449s]   "ament_cmake" provides a separate development package or SDK, be sure it
[0.449s]   has been installed.
[0.449s] 
[0.449s] [0m
[0.449s] -- Configuring incomplete, errors occurred!
[0.450s] Invoked command in '/home/laura/ros2_ws/build/Ensamblee' returned '1': DEBUGINFOD_URLS=https://debuginfod.ubuntu.com /usr/bin/cmake /home/laura/ros2_ws/src/brazo_robotico_urdf/Ensamblee -DAMENT_CMAKE_SYMLINK_INSTALL=1 -DCMAKE_INSTALL_PREFIX=/home/laura/ros2_ws/install/Ensamblee
