-- Found ament_cmake: 2.5.5 (/opt/ros/jazzy/share/ament_cmake/cmake)
-- Override CMake install command with custom implementation using symlinks instead of copying resources
-- Configuring done (0.5s)
-- Generating done (0.0s)
-- Build files have been written to: /home/laura/ros2_ws/build/Ensamblee
-- Install configuration: ""
-- Execute custom install script
-- Symlinking: /home/laura/ros2_ws/install/Ensamblee/share/Ensamblee/launch/display.launch
-- Symlinking: /home/laura/ros2_ws/install/Ensamblee/share/Ensamblee/launch/display.launch.py
-- Symlinking: /home/laura/ros2_ws/install/Ensamblee/share/Ensamblee/launch/gazebo.launch
-- Symlinking: /home/laura/ros2_ws/install/Ensamblee/share/Ensamblee/launch/gazebo.launch.py
-- Symlinking: /home/laura/ros2_ws/install/Ensamblee/share/Ensamblee/meshes/base_giratoria.STL
-- Symlinking: /home/laura/ros2_ws/install/Ensamblee/share/Ensamblee/meshes/base_link.STL
-- Symlinking: /home/laura/ros2_ws/install/Ensamblee/share/Ensamblee/meshes/brazo_inferior.STL
-- Symlinking: /home/laura/ros2_ws/install/Ensamblee/share/Ensamblee/meshes/brazo_superior.STL
-- Symlinking: /home/laura/ros2_ws/install/Ensamblee/share/Ensamblee/meshes/dedo_1.STL
-- Symlinking: /home/laura/ros2_ws/install/Ensamblee/share/Ensamblee/meshes/dedo_2.STL
-- Symlinking: /home/laura/ros2_ws/install/Ensamblee/share/Ensamblee/meshes/dedo_3.STL
-- Symlinking: /home/laura/ros2_ws/install/Ensamblee/share/Ensamblee/urdf/Ensamblee.csv
-- Symlinking: /home/laura/ros2_ws/install/Ensamblee/share/Ensamblee/urdf/Ensamblee.urdf
-- Symlinking: /home/laura/ros2_ws/install/Ensamblee/share/ament_index/resource_index/package_run_dependencies/Ensamblee
-- Symlinking: /home/laura/ros2_ws/install/Ensamblee/share/ament_index/resource_index/parent_prefix_path/Ensamblee
-- Symlinking: /home/laura/ros2_ws/install/Ensamblee/share/Ensamblee/environment/ament_prefix_path.sh
-- Symlinking: /home/laura/ros2_ws/install/Ensamblee/share/Ensamblee/environment/ament_prefix_path.dsv
-- Symlinking: /home/laura/ros2_ws/install/Ensamblee/share/Ensamblee/environment/path.sh
-- Symlinking: /home/laura/ros2_ws/install/Ensamblee/share/Ensamblee/environment/path.dsv
-- Symlinking: /home/laura/ros2_ws/install/Ensamblee/share/Ensamblee/local_setup.bash
-- Symlinking: /home/laura/ros2_ws/install/Ensamblee/share/Ensamblee/local_setup.sh
-- Symlinking: /home/laura/ros2_ws/install/Ensamblee/share/Ensamblee/local_setup.zsh
-- Symlinking: /home/laura/ros2_ws/install/Ensamblee/share/Ensamblee/local_setup.dsv
-- Symlinking: /home/laura/ros2_ws/install/Ensamblee/share/Ensamblee/package.dsv
-- Symlinking: /home/laura/ros2_ws/install/Ensamblee/share/ament_index/resource_index/packages/Ensamblee
-- Symlinking: /home/laura/ros2_ws/install/Ensamblee/share/Ensamblee/cmake/EnsambleeConfig.cmake
-- Symlinking: /home/laura/ros2_ws/install/Ensamblee/share/Ensamblee/cmake/EnsambleeConfig-version.cmake
-- Symlinking: /home/laura/ros2_ws/install/Ensamblee/share/Ensamblee/package.xml
