[0.084s] DEBUG:colcon:Command line arguments: ['/usr/bin/colcon', 'build', '--packages-select', 'Ensamblee']
[0.084s] DEBUG:colcon:Parsed command line arguments: Namespace(log_base=None, log_level=None, verb_name='build', build_base='build', install_base='install', merge_install=False, symlink_install=False, test_result_base=None, continue_on_error=False, executor='parallel', parallel_workers=8, event_handlers=None, ignore_user_meta=False, metas=['./colcon.meta'], base_paths=['.'], packages_ignore=None, packages_ignore_regex=None, paths=None, packages_up_to=None, packages_up_to_regex=None, packages_above=None, packages_above_and_dependencies=None, packages_above_depth=None, packages_select_by_dep=None, packages_skip_by_dep=None, packages_skip_up_to=None, packages_select_build_failed=False, packages_skip_build_finished=False, packages_select_test_failures=False, packages_skip_test_passed=False, packages_select=['Ensamblee'], packages_skip=None, packages_select_regex=None, packages_skip_regex=None, packages_start=None, packages_end=None, allow_overriding=[], cmake_args=None, cmake_target=None, cmake_target_skip_unavailable=False, cmake_clean_cache=False, cmake_clean_first=False, cmake_force_configure=False, ament_cmake_args=None, catkin_cmake_args=None, catkin_skip_building_tests=False, mixin_files=None, mixin=None, verb_parser=<colcon_mixin.mixin.mixin_argument.MixinArgumentDecorator object at 0x75c994f16750>, verb_extension=<colcon_core.verb.build.BuildVerb object at 0x75c995042990>, main=<bound method BuildVerb.main of <colcon_core.verb.build.BuildVerb object at 0x75c995042990>>, mixin_verb=('build',))
[0.117s] Level 1:colcon.colcon_core.package_discovery:discover_packages(colcon_meta) check parameters
[0.117s] Level 1:colcon.colcon_core.package_discovery:discover_packages(recursive) check parameters
[0.117s] Level 1:colcon.colcon_core.package_discovery:discover_packages(ignore) check parameters
[0.117s] Level 1:colcon.colcon_core.package_discovery:discover_packages(path) check parameters
[0.117s] Level 1:colcon.colcon_core.package_discovery:discover_packages(colcon_meta) discover
[0.117s] Level 1:colcon.colcon_core.package_discovery:discover_packages(recursive) discover
[0.117s] INFO:colcon.colcon_core.package_discovery:Crawling recursively for packages in '/home/laura/ros2_ws'
[0.118s] Level 1:colcon.colcon_core.package_identification:_identify(.) by extensions ['ignore', 'ignore_ament_install']
[0.118s] Level 1:colcon.colcon_core.package_identification:_identify(.) by extension 'ignore'
[0.118s] Level 1:colcon.colcon_core.package_identification:_identify(.) by extension 'ignore_ament_install'
[0.118s] Level 1:colcon.colcon_core.package_identification:_identify(.) by extensions ['colcon_pkg']
[0.118s] Level 1:colcon.colcon_core.package_identification:_identify(.) by extension 'colcon_pkg'
[0.118s] Level 1:colcon.colcon_core.package_identification:_identify(.) by extensions ['colcon_meta']
[0.118s] Level 1:colcon.colcon_core.package_identification:_identify(.) by extension 'colcon_meta'
[0.118s] Level 1:colcon.colcon_core.package_identification:_identify(.) by extensions ['ros']
[0.118s] Level 1:colcon.colcon_core.package_identification:_identify(.) by extension 'ros'
[0.141s] Level 1:colcon.colcon_core.package_identification:_identify(.) by extensions ['cmake', 'python']
[0.141s] Level 1:colcon.colcon_core.package_identification:_identify(.) by extension 'cmake'
[0.142s] Level 1:colcon.colcon_core.package_identification:_identify(.) by extension 'python'
[0.142s] Level 1:colcon.colcon_core.package_identification:_identify(.) by extensions ['python_setup_py']
[0.142s] Level 1:colcon.colcon_core.package_identification:_identify(.) by extension 'python_setup_py'
[0.142s] Level 1:colcon.colcon_core.package_identification:_identify(build) by extensions ['ignore', 'ignore_ament_install']
[0.142s] Level 1:colcon.colcon_core.package_identification:_identify(build) by extension 'ignore'
[0.142s] Level 1:colcon.colcon_core.package_identification:_identify(build) ignored
[0.142s] Level 1:colcon.colcon_core.package_identification:_identify(install) by extensions ['ignore', 'ignore_ament_install']
[0.142s] Level 1:colcon.colcon_core.package_identification:_identify(install) by extension 'ignore'
[0.142s] Level 1:colcon.colcon_core.package_identification:_identify(install) ignored
[0.142s] Level 1:colcon.colcon_core.package_identification:_identify(log) by extensions ['ignore', 'ignore_ament_install']
[0.142s] Level 1:colcon.colcon_core.package_identification:_identify(log) by extension 'ignore'
[0.142s] Level 1:colcon.colcon_core.package_identification:_identify(log) ignored
[0.142s] Level 1:colcon.colcon_core.package_identification:_identify(src) by extensions ['ignore', 'ignore_ament_install']
[0.142s] Level 1:colcon.colcon_core.package_identification:_identify(src) by extension 'ignore'
[0.142s] Level 1:colcon.colcon_core.package_identification:_identify(src) by extension 'ignore_ament_install'
[0.143s] Level 1:colcon.colcon_core.package_identification:_identify(src) by extensions ['colcon_pkg']
[0.143s] Level 1:colcon.colcon_core.package_identification:_identify(src) by extension 'colcon_pkg'
[0.143s] Level 1:colcon.colcon_core.package_identification:_identify(src) by extensions ['colcon_meta']
[0.143s] Level 1:colcon.colcon_core.package_identification:_identify(src) by extension 'colcon_meta'
[0.143s] Level 1:colcon.colcon_core.package_identification:_identify(src) by extensions ['ros']
[0.143s] Level 1:colcon.colcon_core.package_identification:_identify(src) by extension 'ros'
[0.143s] Level 1:colcon.colcon_core.package_identification:_identify(src) by extensions ['cmake', 'python']
[0.143s] Level 1:colcon.colcon_core.package_identification:_identify(src) by extension 'cmake'
[0.143s] Level 1:colcon.colcon_core.package_identification:_identify(src) by extension 'python'
[0.143s] Level 1:colcon.colcon_core.package_identification:_identify(src) by extensions ['python_setup_py']
[0.143s] Level 1:colcon.colcon_core.package_identification:_identify(src) by extension 'python_setup_py'
[0.143s] Level 1:colcon.colcon_core.package_identification:_identify(src/brazo_robotico_urdf) by extensions ['ignore', 'ignore_ament_install']
[0.143s] Level 1:colcon.colcon_core.package_identification:_identify(src/brazo_robotico_urdf) by extension 'ignore'
[0.143s] Level 1:colcon.colcon_core.package_identification:_identify(src/brazo_robotico_urdf) by extension 'ignore_ament_install'
[0.143s] Level 1:colcon.colcon_core.package_identification:_identify(src/brazo_robotico_urdf) by extensions ['colcon_pkg']
[0.143s] Level 1:colcon.colcon_core.package_identification:_identify(src/brazo_robotico_urdf) by extension 'colcon_pkg'
[0.143s] Level 1:colcon.colcon_core.package_identification:_identify(src/brazo_robotico_urdf) by extensions ['colcon_meta']
[0.143s] Level 1:colcon.colcon_core.package_identification:_identify(src/brazo_robotico_urdf) by extension 'colcon_meta'
[0.143s] Level 1:colcon.colcon_core.package_identification:_identify(src/brazo_robotico_urdf) by extensions ['ros']
[0.143s] Level 1:colcon.colcon_core.package_identification:_identify(src/brazo_robotico_urdf) by extension 'ros'
[0.143s] Level 1:colcon.colcon_core.package_identification:_identify(src/brazo_robotico_urdf) by extensions ['cmake', 'python']
[0.143s] Level 1:colcon.colcon_core.package_identification:_identify(src/brazo_robotico_urdf) by extension 'cmake'
[0.143s] Level 1:colcon.colcon_core.package_identification:_identify(src/brazo_robotico_urdf) by extension 'python'
[0.143s] Level 1:colcon.colcon_core.package_identification:_identify(src/brazo_robotico_urdf) by extensions ['python_setup_py']
[0.143s] Level 1:colcon.colcon_core.package_identification:_identify(src/brazo_robotico_urdf) by extension 'python_setup_py'
[0.143s] Level 1:colcon.colcon_core.package_identification:_identify(src/brazo_robotico_urdf/Ensamblee) by extensions ['ignore', 'ignore_ament_install']
[0.144s] Level 1:colcon.colcon_core.package_identification:_identify(src/brazo_robotico_urdf/Ensamblee) by extension 'ignore'
[0.144s] Level 1:colcon.colcon_core.package_identification:_identify(src/brazo_robotico_urdf/Ensamblee) by extension 'ignore_ament_install'
[0.144s] Level 1:colcon.colcon_core.package_identification:_identify(src/brazo_robotico_urdf/Ensamblee) by extensions ['colcon_pkg']
[0.144s] Level 1:colcon.colcon_core.package_identification:_identify(src/brazo_robotico_urdf/Ensamblee) by extension 'colcon_pkg'
[0.144s] Level 1:colcon.colcon_core.package_identification:_identify(src/brazo_robotico_urdf/Ensamblee) by extensions ['colcon_meta']
[0.144s] Level 1:colcon.colcon_core.package_identification:_identify(src/brazo_robotico_urdf/Ensamblee) by extension 'colcon_meta'
[0.144s] Level 1:colcon.colcon_core.package_identification:_identify(src/brazo_robotico_urdf/Ensamblee) by extensions ['ros']
[0.144s] Level 1:colcon.colcon_core.package_identification:_identify(src/brazo_robotico_urdf/Ensamblee) by extension 'ros'
[0.147s] DEBUG:colcon.colcon_core.package_identification:Package 'src/brazo_robotico_urdf/Ensamblee' with type 'ros.ament_cmake' and name 'Ensamblee'
[0.147s] Level 1:colcon.colcon_core.package_identification:_identify(src/robot_arm_urdf) by extensions ['ignore', 'ignore_ament_install']
[0.147s] Level 1:colcon.colcon_core.package_identification:_identify(src/robot_arm_urdf) by extension 'ignore'
[0.147s] Level 1:colcon.colcon_core.package_identification:_identify(src/robot_arm_urdf) by extension 'ignore_ament_install'
[0.147s] Level 1:colcon.colcon_core.package_identification:_identify(src/robot_arm_urdf) by extensions ['colcon_pkg']
[0.147s] Level 1:colcon.colcon_core.package_identification:_identify(src/robot_arm_urdf) by extension 'colcon_pkg'
[0.147s] Level 1:colcon.colcon_core.package_identification:_identify(src/robot_arm_urdf) by extensions ['colcon_meta']
[0.147s] Level 1:colcon.colcon_core.package_identification:_identify(src/robot_arm_urdf) by extension 'colcon_meta'
[0.147s] Level 1:colcon.colcon_core.package_identification:_identify(src/robot_arm_urdf) by extensions ['ros']
[0.147s] Level 1:colcon.colcon_core.package_identification:_identify(src/robot_arm_urdf) by extension 'ros'
[0.148s] DEBUG:colcon.colcon_core.package_identification:Package 'src/robot_arm_urdf' with type 'ros.ament_cmake' and name 'robot_arm_urdf'
[0.148s] Level 1:colcon.colcon_core.package_discovery:discover_packages(recursive) using defaults
[0.148s] Level 1:colcon.colcon_core.package_discovery:discover_packages(ignore) discover
[0.148s] Level 1:colcon.colcon_core.package_discovery:discover_packages(ignore) using defaults
[0.148s] Level 1:colcon.colcon_core.package_discovery:discover_packages(path) discover
[0.148s] Level 1:colcon.colcon_core.package_discovery:discover_packages(path) using defaults
[0.163s] INFO:colcon.colcon_core.package_selection:Skipping not selected package 'robot_arm_urdf' in 'src/robot_arm_urdf'
[0.163s] Level 1:colcon.colcon_core.package_discovery:discover_packages(prefix_path) check parameters
[0.163s] Level 1:colcon.colcon_core.package_discovery:discover_packages(prefix_path) discover
[0.164s] Level 1:colcon.colcon_core.package_discovery:discover_packages(prefix_path) using defaults
[0.165s] Level 5:colcon.colcon_core.verb:set package 'Ensamblee' build argument 'cmake_args' from command line to 'None'
[0.165s] Level 5:colcon.colcon_core.verb:set package 'Ensamblee' build argument 'cmake_target' from command line to 'None'
[0.165s] Level 5:colcon.colcon_core.verb:set package 'Ensamblee' build argument 'cmake_target_skip_unavailable' from command line to 'False'
[0.165s] Level 5:colcon.colcon_core.verb:set package 'Ensamblee' build argument 'cmake_clean_cache' from command line to 'False'
[0.165s] Level 5:colcon.colcon_core.verb:set package 'Ensamblee' build argument 'cmake_clean_first' from command line to 'False'
[0.165s] Level 5:colcon.colcon_core.verb:set package 'Ensamblee' build argument 'cmake_force_configure' from command line to 'False'
[0.165s] Level 5:colcon.colcon_core.verb:set package 'Ensamblee' build argument 'ament_cmake_args' from command line to 'None'
[0.165s] Level 5:colcon.colcon_core.verb:set package 'Ensamblee' build argument 'catkin_cmake_args' from command line to 'None'
[0.165s] Level 5:colcon.colcon_core.verb:set package 'Ensamblee' build argument 'catkin_skip_building_tests' from command line to 'False'
[0.165s] DEBUG:colcon.colcon_core.verb:Building package 'Ensamblee' with the following arguments: {'ament_cmake_args': None, 'build_base': '/home/laura/ros2_ws/build/Ensamblee', 'catkin_cmake_args': None, 'catkin_skip_building_tests': False, 'cmake_args': None, 'cmake_clean_cache': False, 'cmake_clean_first': False, 'cmake_force_configure': False, 'cmake_target': None, 'cmake_target_skip_unavailable': False, 'install_base': '/home/laura/ros2_ws/install/Ensamblee', 'merge_install': False, 'path': '/home/laura/ros2_ws/src/brazo_robotico_urdf/Ensamblee', 'symlink_install': False, 'test_result_base': None}
[0.165s] INFO:colcon.colcon_core.executor:Executing jobs using 'parallel' executor
[0.166s] DEBUG:colcon.colcon_parallel_executor.executor.parallel:run_until_complete
[0.167s] INFO:colcon.colcon_ros.task.ament_cmake.build:Building ROS package in '/home/laura/ros2_ws/src/brazo_robotico_urdf/Ensamblee' with build type 'ament_cmake'
[0.167s] INFO:colcon.colcon_cmake.task.cmake.build:Building CMake package in '/home/laura/ros2_ws/src/brazo_robotico_urdf/Ensamblee'
[0.169s] INFO:colcon.colcon_core.plugin_system:Skipping extension 'colcon_core.shell.bat': Not used on non-Windows systems
[0.169s] INFO:colcon.colcon_core.shell:Skip shell extension 'powershell' for command environment: Not usable outside of PowerShell
[0.169s] DEBUG:colcon.colcon_core.shell:Skip shell extension 'dsv' for command environment
[0.175s] DEBUG:colcon.colcon_core.event_handler.log_command:Invoking command in '/home/laura/ros2_ws/build/Ensamblee': DEBUGINFOD_URLS=https://debuginfod.ubuntu.com /usr/bin/cmake --build /home/laura/ros2_ws/build/Ensamblee -- -j8 -l8
[0.207s] DEBUG:colcon.colcon_core.event_handler.log_command:Invoked command in '/home/laura/ros2_ws/build/Ensamblee' returned '0': DEBUGINFOD_URLS=https://debuginfod.ubuntu.com /usr/bin/cmake --build /home/laura/ros2_ws/build/Ensamblee -- -j8 -l8
[0.216s] DEBUG:colcon.colcon_core.event_handler.log_command:Invoking command in '/home/laura/ros2_ws/build/Ensamblee': DEBUGINFOD_URLS=https://debuginfod.ubuntu.com /usr/bin/cmake --install /home/laura/ros2_ws/build/Ensamblee
[0.225s] Level 1:colcon.colcon_core.environment:create_environment_scripts_only(Ensamblee)
[0.225s] DEBUG:colcon.colcon_core.event_handler.log_command:Invoked command in '/home/laura/ros2_ws/build/Ensamblee' returned '0': DEBUGINFOD_URLS=https://debuginfod.ubuntu.com /usr/bin/cmake --install /home/laura/ros2_ws/build/Ensamblee
[0.227s] Level 1:colcon.colcon_core.environment:checking '/home/laura/ros2_ws/install/Ensamblee' for CMake module files
[0.227s] Level 1:colcon.colcon_core.environment:checking '/home/laura/ros2_ws/install/Ensamblee' for CMake config files
[0.228s] Level 1:colcon.colcon_core.shell:create_environment_hook('Ensamblee', 'cmake_prefix_path')
[0.228s] INFO:colcon.colcon_core.shell:Creating environment hook '/home/laura/ros2_ws/install/Ensamblee/share/Ensamblee/hook/cmake_prefix_path.ps1'
[0.229s] INFO:colcon.colcon_core.shell:Creating environment descriptor '/home/laura/ros2_ws/install/Ensamblee/share/Ensamblee/hook/cmake_prefix_path.dsv'
[0.229s] INFO:colcon.colcon_core.shell:Creating environment hook '/home/laura/ros2_ws/install/Ensamblee/share/Ensamblee/hook/cmake_prefix_path.sh'
[0.230s] Level 1:colcon.colcon_core.environment:checking '/home/laura/ros2_ws/install/Ensamblee/bin'
[0.230s] Level 1:colcon.colcon_core.environment:checking '/home/laura/ros2_ws/install/Ensamblee/lib/pkgconfig/Ensamblee.pc'
[0.233s] Level 1:colcon.colcon_core.environment:checking '/home/laura/ros2_ws/install/Ensamblee/lib/python3.12/site-packages'
[0.233s] Level 1:colcon.colcon_core.environment:checking '/home/laura/ros2_ws/install/Ensamblee/bin'
[0.233s] INFO:colcon.colcon_core.shell:Creating package script '/home/laura/ros2_ws/install/Ensamblee/share/Ensamblee/package.ps1'
[0.234s] INFO:colcon.colcon_core.shell:Creating package descriptor '/home/laura/ros2_ws/install/Ensamblee/share/Ensamblee/package.dsv'
[0.234s] INFO:colcon.colcon_core.shell:Creating package script '/home/laura/ros2_ws/install/Ensamblee/share/Ensamblee/package.sh'
[0.235s] INFO:colcon.colcon_core.shell:Creating package script '/home/laura/ros2_ws/install/Ensamblee/share/Ensamblee/package.bash'
[0.235s] INFO:colcon.colcon_core.shell:Creating package script '/home/laura/ros2_ws/install/Ensamblee/share/Ensamblee/package.zsh'
[0.236s] Level 1:colcon.colcon_core.environment:create_file_with_runtime_dependencies(/home/laura/ros2_ws/install/Ensamblee/share/colcon-core/packages/Ensamblee)
[0.236s] Level 1:colcon.colcon_core.environment:create_environment_scripts_only(Ensamblee)
[0.236s] Level 1:colcon.colcon_core.environment:checking '/home/laura/ros2_ws/install/Ensamblee' for CMake module files
[0.237s] Level 1:colcon.colcon_core.environment:checking '/home/laura/ros2_ws/install/Ensamblee' for CMake config files
[0.237s] Level 1:colcon.colcon_core.shell:create_environment_hook('Ensamblee', 'cmake_prefix_path')
[0.237s] INFO:colcon.colcon_core.shell:Creating environment hook '/home/laura/ros2_ws/install/Ensamblee/share/Ensamblee/hook/cmake_prefix_path.ps1'
[0.237s] INFO:colcon.colcon_core.shell:Creating environment descriptor '/home/laura/ros2_ws/install/Ensamblee/share/Ensamblee/hook/cmake_prefix_path.dsv'
[0.238s] INFO:colcon.colcon_core.shell:Creating environment hook '/home/laura/ros2_ws/install/Ensamblee/share/Ensamblee/hook/cmake_prefix_path.sh'
[0.238s] Level 1:colcon.colcon_core.environment:checking '/home/laura/ros2_ws/install/Ensamblee/bin'
[0.238s] Level 1:colcon.colcon_core.environment:checking '/home/laura/ros2_ws/install/Ensamblee/lib/pkgconfig/Ensamblee.pc'
[0.238s] Level 1:colcon.colcon_core.environment:checking '/home/laura/ros2_ws/install/Ensamblee/lib/python3.12/site-packages'
[0.239s] Level 1:colcon.colcon_core.environment:checking '/home/laura/ros2_ws/install/Ensamblee/bin'
[0.239s] INFO:colcon.colcon_core.shell:Creating package script '/home/laura/ros2_ws/install/Ensamblee/share/Ensamblee/package.ps1'
[0.239s] INFO:colcon.colcon_core.shell:Creating package descriptor '/home/laura/ros2_ws/install/Ensamblee/share/Ensamblee/package.dsv'
[0.240s] INFO:colcon.colcon_core.shell:Creating package script '/home/laura/ros2_ws/install/Ensamblee/share/Ensamblee/package.sh'
[0.240s] INFO:colcon.colcon_core.shell:Creating package script '/home/laura/ros2_ws/install/Ensamblee/share/Ensamblee/package.bash'
[0.241s] INFO:colcon.colcon_core.shell:Creating package script '/home/laura/ros2_ws/install/Ensamblee/share/Ensamblee/package.zsh'
[0.241s] Level 1:colcon.colcon_core.environment:create_file_with_runtime_dependencies(/home/laura/ros2_ws/install/Ensamblee/share/colcon-core/packages/Ensamblee)
[0.241s] DEBUG:colcon.colcon_parallel_executor.executor.parallel:closing loop
[0.242s] DEBUG:colcon.colcon_parallel_executor.executor.parallel:loop closed
[0.242s] DEBUG:colcon.colcon_parallel_executor.executor.parallel:run_until_complete finished with '0'
[0.242s] DEBUG:colcon.colcon_core.event_reactor:joining thread
[0.248s] INFO:colcon.colcon_core.plugin_system:Skipping extension 'colcon_notification.desktop_notification.terminal_notifier': Not used on non-Darwin systems
[0.248s] INFO:colcon.colcon_core.plugin_system:Skipping extension 'colcon_notification.desktop_notification.win32': Not used on non-Windows systems
[0.248s] INFO:colcon.colcon_notification.desktop_notification:Sending desktop notification using 'notify2'
[0.259s] DEBUG:colcon.colcon_core.event_reactor:joined thread
[0.259s] INFO:colcon.colcon_core.shell:Creating prefix script '/home/laura/ros2_ws/install/local_setup.ps1'
[0.260s] INFO:colcon.colcon_core.shell:Creating prefix util module '/home/laura/ros2_ws/install/_local_setup_util_ps1.py'
[0.261s] INFO:colcon.colcon_core.shell:Creating prefix chain script '/home/laura/ros2_ws/install/setup.ps1'
[0.261s] INFO:colcon.colcon_core.shell:Creating prefix script '/home/laura/ros2_ws/install/local_setup.sh'
[0.262s] INFO:colcon.colcon_core.shell:Creating prefix util module '/home/laura/ros2_ws/install/_local_setup_util_sh.py'
[0.262s] INFO:colcon.colcon_core.shell:Creating prefix chain script '/home/laura/ros2_ws/install/setup.sh'
[0.263s] INFO:colcon.colcon_core.shell:Creating prefix script '/home/laura/ros2_ws/install/local_setup.bash'
[0.264s] INFO:colcon.colcon_core.shell:Creating prefix chain script '/home/laura/ros2_ws/install/setup.bash'
[0.264s] INFO:colcon.colcon_core.shell:Creating prefix script '/home/laura/ros2_ws/install/local_setup.zsh'
[0.265s] INFO:colcon.colcon_core.shell:Creating prefix chain script '/home/laura/ros2_ws/install/setup.zsh'
