[0.009s] Invoking command in '/home/laura/ros2_ws/build/Ensamblee': CMAKE_PREFIX_PATH=${CMAKE_PREFIX_PATH}:/opt/ros/jazzy DEBUGINFOD_URLS=https://debuginfod.ubuntu.com /usr/bin/cmake /home/laura/ros2_ws/src/brazo_robotico_urdf/Ensamblee -DCMAKE_INSTALL_PREFIX=/home/laura/ros2_ws/install/Ensamblee
[0.024s] -- Found ament_cmake: 2.5.5 (/opt/ros/jazzy/share/ament_cmake/cmake)
[0.154s] -- Found Python3: /usr/bin/python3 (found version "3.12.3") found components: Interpreter 
[0.343s] WARNING: Package name "Ensamblee" does not follow the naming conventions. It should start with a lower case letter and only contain lower case letters, digits, underscores, and dashes.
[0.360s] -- Configuring done (0.3s)
[0.363s] -- Generating done (0.0s)
[0.365s] -- Build files have been written to: /home/laura/ros2_ws/build/Ensamblee
[0.368s] Invoked command in '/home/laura/ros2_ws/build/Ensamblee' returned '0': CMAKE_PREFIX_PATH=${CMAKE_PREFIX_PATH}:/opt/ros/jazzy DEBUGINFOD_URLS=https://debuginfod.ubuntu.com /usr/bin/cmake /home/laura/ros2_ws/src/brazo_robotico_urdf/Ensamblee -DCMAKE_INSTALL_PREFIX=/home/laura/ros2_ws/install/Ensamblee
[0.369s] Invoking command in '/home/laura/ros2_ws/build/Ensamblee': CMAKE_PREFIX_PATH=${CMAKE_PREFIX_PATH}:/opt/ros/jazzy DEBUGINFOD_URLS=https://debuginfod.ubuntu.com /usr/bin/cmake --build /home/laura/ros2_ws/build/Ensamblee -- -j8 -l8
[0.400s] Invoked command in '/home/laura/ros2_ws/build/Ensamblee' returned '0': CMAKE_PREFIX_PATH=${CMAKE_PREFIX_PATH}:/opt/ros/jazzy DEBUGINFOD_URLS=https://debuginfod.ubuntu.com /usr/bin/cmake --build /home/laura/ros2_ws/build/Ensamblee -- -j8 -l8
[0.409s] Invoking command in '/home/laura/ros2_ws/build/Ensamblee': CMAKE_PREFIX_PATH=${CMAKE_PREFIX_PATH}:/opt/ros/jazzy DEBUGINFOD_URLS=https://debuginfod.ubuntu.com /usr/bin/cmake --install /home/laura/ros2_ws/build/Ensamblee
[0.416s] -- Install configuration: ""
[0.416s] -- Installing: /home/laura/ros2_ws/install/Ensamblee/share/Ensamblee/launch
[0.416s] -- Installing: /home/laura/ros2_ws/install/Ensamblee/share/Ensamblee/launch/display.launch.py
[0.416s] -- Installing: /home/laura/ros2_ws/install/Ensamblee/share/Ensamblee/launch/gazebo.launch
[0.416s] -- Installing: /home/laura/ros2_ws/install/Ensamblee/share/Ensamblee/launch/display.launch
[0.416s] -- Installing: /home/laura/ros2_ws/install/Ensamblee/share/Ensamblee/meshes
[0.416s] -- Installing: /home/laura/ros2_ws/install/Ensamblee/share/Ensamblee/meshes/base_giratoria.STL
[0.416s] -- Installing: /home/laura/ros2_ws/install/Ensamblee/share/Ensamblee/meshes/brazo_inferior.STL
[0.416s] -- Installing: /home/laura/ros2_ws/install/Ensamblee/share/Ensamblee/meshes/brazo_superior.STL
[0.417s] -- Installing: /home/laura/ros2_ws/install/Ensamblee/share/Ensamblee/meshes/dedo_3.STL
[0.417s] -- Installing: /home/laura/ros2_ws/install/Ensamblee/share/Ensamblee/meshes/dedo_2.STL
[0.417s] -- Installing: /home/laura/ros2_ws/install/Ensamblee/share/Ensamblee/meshes/base_link.STL
[0.417s] -- Installing: /home/laura/ros2_ws/install/Ensamblee/share/Ensamblee/meshes/dedo_1.STL
[0.417s] -- Installing: /home/laura/ros2_ws/install/Ensamblee/share/Ensamblee/urdf
[0.417s] -- Installing: /home/laura/ros2_ws/install/Ensamblee/share/Ensamblee/urdf/Ensamblee.csv
[0.417s] -- Installing: /home/laura/ros2_ws/install/Ensamblee/share/Ensamblee/urdf/Ensamblee.urdf
[0.417s] -- Installing: /home/laura/ros2_ws/install/Ensamblee/share/ament_index/resource_index/package_run_dependencies/Ensamblee
[0.418s] -- Installing: /home/laura/ros2_ws/install/Ensamblee/share/ament_index/resource_index/parent_prefix_path/Ensamblee
[0.418s] -- Installing: /home/laura/ros2_ws/install/Ensamblee/share/Ensamblee/environment/ament_prefix_path.sh
[0.418s] -- Installing: /home/laura/ros2_ws/install/Ensamblee/share/Ensamblee/environment/ament_prefix_path.dsv
[0.418s] -- Installing: /home/laura/ros2_ws/install/Ensamblee/share/Ensamblee/environment/path.sh
[0.418s] -- Installing: /home/laura/ros2_ws/install/Ensamblee/share/Ensamblee/environment/path.dsv
[0.418s] -- Installing: /home/laura/ros2_ws/install/Ensamblee/share/Ensamblee/local_setup.bash
[0.418s] -- Installing: /home/laura/ros2_ws/install/Ensamblee/share/Ensamblee/local_setup.sh
[0.418s] -- Installing: /home/laura/ros2_ws/install/Ensamblee/share/Ensamblee/local_setup.zsh
[0.418s] -- Installing: /home/laura/ros2_ws/install/Ensamblee/share/Ensamblee/local_setup.dsv
[0.418s] -- Installing: /home/laura/ros2_ws/install/Ensamblee/share/Ensamblee/package.dsv
[0.419s] -- Installing: /home/laura/ros2_ws/install/Ensamblee/share/ament_index/resource_index/packages/Ensamblee
[0.419s] -- Installing: /home/laura/ros2_ws/install/Ensamblee/share/Ensamblee/cmake/EnsambleeConfig.cmake
[0.419s] -- Installing: /home/laura/ros2_ws/install/Ensamblee/share/Ensamblee/cmake/EnsambleeConfig-version.cmake
[0.419s] -- Installing: /home/laura/ros2_ws/install/Ensamblee/share/Ensamblee/package.xml
[0.421s] Invoked command in '/home/laura/ros2_ws/build/Ensamblee' returned '0': CMAKE_PREFIX_PATH=${CMAKE_PREFIX_PATH}:/opt/ros/jazzy DEBUGINFOD_URLS=https://debuginfod.ubuntu.com /usr/bin/cmake --install /home/laura/ros2_ws/build/Ensamblee
