-- Install configuration: ""
-- Execute custom install script
-- Up-to-date symlink: /home/laura/ros2_ws/install/Ensamblee/share/Ensamblee/launch/display.launch
-- Up-to-date symlink: /home/laura/ros2_ws/install/Ensamblee/share/Ensamblee/launch/display.launch.py
-- Up-to-date symlink: /home/laura/ros2_ws/install/Ensamblee/share/Ensamblee/launch/gazebo.launch
-- Up-to-date symlink: /home/laura/ros2_ws/install/Ensamblee/share/Ensamblee/launch/gazebo.launch.py
-- Up-to-date symlink: /home/laura/ros2_ws/install/Ensamblee/share/Ensamblee/meshes/base_giratoria.STL
-- Up-to-date symlink: /home/laura/ros2_ws/install/Ensamblee/share/Ensamblee/meshes/base_link.STL
-- Up-to-date symlink: /home/laura/ros2_ws/install/Ensamblee/share/Ensamblee/meshes/brazo_inferior.STL
-- Up-to-date symlink: /home/laura/ros2_ws/install/Ensamblee/share/Ensamblee/meshes/brazo_superior.STL
-- Up-to-date symlink: /home/laura/ros2_ws/install/Ensamblee/share/Ensamblee/meshes/dedo_1.STL
-- Up-to-date symlink: /home/laura/ros2_ws/install/Ensamblee/share/Ensamblee/meshes/dedo_2.STL
-- Up-to-date symlink: /home/laura/ros2_ws/install/Ensamblee/share/Ensamblee/meshes/dedo_3.STL
-- Up-to-date symlink: /home/laura/ros2_ws/install/Ensamblee/share/Ensamblee/urdf/Ensamblee.csv
-- Up-to-date symlink: /home/laura/ros2_ws/install/Ensamblee/share/Ensamblee/urdf/Ensamblee.urdf
-- Up-to-date symlink: /home/laura/ros2_ws/install/Ensamblee/share/ament_index/resource_index/package_run_dependencies/Ensamblee
-- Up-to-date symlink: /home/laura/ros2_ws/install/Ensamblee/share/ament_index/resource_index/parent_prefix_path/Ensamblee
-- Up-to-date symlink: /home/laura/ros2_ws/install/Ensamblee/share/Ensamblee/environment/ament_prefix_path.sh
-- Up-to-date symlink: /home/laura/ros2_ws/install/Ensamblee/share/Ensamblee/environment/ament_prefix_path.dsv
-- Up-to-date symlink: /home/laura/ros2_ws/install/Ensamblee/share/Ensamblee/environment/path.sh
-- Up-to-date symlink: /home/laura/ros2_ws/install/Ensamblee/share/Ensamblee/environment/path.dsv
-- Up-to-date symlink: /home/laura/ros2_ws/install/Ensamblee/share/Ensamblee/local_setup.bash
-- Up-to-date symlink: /home/laura/ros2_ws/install/Ensamblee/share/Ensamblee/local_setup.sh
-- Up-to-date symlink: /home/laura/ros2_ws/install/Ensamblee/share/Ensamblee/local_setup.zsh
-- Up-to-date symlink: /home/laura/ros2_ws/install/Ensamblee/share/Ensamblee/local_setup.dsv
-- Symlinking: /home/laura/ros2_ws/install/Ensamblee/share/Ensamblee/package.dsv
-- Up-to-date symlink: /home/laura/ros2_ws/install/Ensamblee/share/ament_index/resource_index/packages/Ensamblee
-- Up-to-date symlink: /home/laura/ros2_ws/install/Ensamblee/share/Ensamblee/cmake/EnsambleeConfig.cmake
-- Up-to-date symlink: /home/laura/ros2_ws/install/Ensamblee/share/Ensamblee/cmake/EnsambleeConfig-version.cmake
-- Up-to-date symlink: /home/laura/ros2_ws/install/Ensamblee/share/Ensamblee/package.xml
