[0.010s] Invoking command in '/home/laura/ros2_ws/build/ensamble_general_urdf': DEBUGINFOD_URLS=https://debuginfod.ubuntu.com /usr/bin/cmake --build /home/laura/ros2_ws/build/ensamble_general_urdf -- -j8 -l8
[0.096s] Invoked command in '/home/laura/ros2_ws/build/ensamble_general_urdf' returned '0': DEBUGINFOD_URLS=https://debuginfod.ubuntu.com /usr/bin/cmake --build /home/laura/ros2_ws/build/ensamble_general_urdf -- -j8 -l8
[0.108s] Invoking command in '/home/laura/ros2_ws/build/ensamble_general_urdf': DEBUGINFOD_URLS=https://debuginfod.ubuntu.com /usr/bin/cmake --install /home/laura/ros2_ws/build/ensamble_general_urdf
[0.118s] -- Install configuration: ""
[0.119s] -- Up-to-date: /home/laura/ros2_ws/install/ensamble_general_urdf/share/ensamble_general_urdf/launch
[0.119s] -- Up-to-date: /home/laura/ros2_ws/install/ensamble_general_urdf/share/ensamble_general_urdf/launch/display.launch.py
[0.119s] -- Up-to-date: /home/laura/ros2_ws/install/ensamble_general_urdf/share/ensamble_general_urdf/launch/gazebo.launch.py
[0.119s] -- Up-to-date: /home/laura/ros2_ws/install/ensamble_general_urdf/share/ensamble_general_urdf/meshes
[0.120s] -- Up-to-date: /home/laura/ros2_ws/install/ensamble_general_urdf/share/ensamble_general_urdf/meshes/soporte_pinza.STL
[0.120s] -- Up-to-date: /home/laura/ros2_ws/install/ensamble_general_urdf/share/ensamble_general_urdf/meshes/base_giratoria.STL
[0.120s] -- Up-to-date: /home/laura/ros2_ws/install/ensamble_general_urdf/share/ensamble_general_urdf/meshes/dedo_2.STL
[0.120s] -- Up-to-date: /home/laura/ros2_ws/install/ensamble_general_urdf/share/ensamble_general_urdf/meshes/eslabon_superior.STL
[0.120s] -- Up-to-date: /home/laura/ros2_ws/install/ensamble_general_urdf/share/ensamble_general_urdf/meshes/eslabon_inferior.STL
[0.120s] -- Up-to-date: /home/laura/ros2_ws/install/ensamble_general_urdf/share/ensamble_general_urdf/meshes/base.STL
[0.120s] -- Up-to-date: /home/laura/ros2_ws/install/ensamble_general_urdf/share/ensamble_general_urdf/meshes/dedo_1.STL
[0.121s] -- Up-to-date: /home/laura/ros2_ws/install/ensamble_general_urdf/share/ensamble_general_urdf/urdf
[0.121s] -- Up-to-date: /home/laura/ros2_ws/install/ensamble_general_urdf/share/ensamble_general_urdf/urdf/ensamble_general_urdf.csv
[0.121s] -- Up-to-date: /home/laura/ros2_ws/install/ensamble_general_urdf/share/ensamble_general_urdf/urdf/ensamble_general_urdf.urdf
[0.121s] -- Up-to-date: /home/laura/ros2_ws/install/ensamble_general_urdf/share/ament_index/resource_index/package_run_dependencies/ensamble_general_urdf
[0.121s] -- Up-to-date: /home/laura/ros2_ws/install/ensamble_general_urdf/share/ament_index/resource_index/parent_prefix_path/ensamble_general_urdf
[0.121s] -- Up-to-date: /home/laura/ros2_ws/install/ensamble_general_urdf/share/ensamble_general_urdf/environment/ament_prefix_path.sh
[0.122s] -- Up-to-date: /home/laura/ros2_ws/install/ensamble_general_urdf/share/ensamble_general_urdf/environment/ament_prefix_path.dsv
[0.122s] -- Up-to-date: /home/laura/ros2_ws/install/ensamble_general_urdf/share/ensamble_general_urdf/environment/path.sh
[0.122s] -- Up-to-date: /home/laura/ros2_ws/install/ensamble_general_urdf/share/ensamble_general_urdf/environment/path.dsv
[0.122s] -- Up-to-date: /home/laura/ros2_ws/install/ensamble_general_urdf/share/ensamble_general_urdf/local_setup.bash
[0.122s] -- Up-to-date: /home/laura/ros2_ws/install/ensamble_general_urdf/share/ensamble_general_urdf/local_setup.sh
[0.122s] -- Up-to-date: /home/laura/ros2_ws/install/ensamble_general_urdf/share/ensamble_general_urdf/local_setup.zsh
[0.122s] -- Up-to-date: /home/laura/ros2_ws/install/ensamble_general_urdf/share/ensamble_general_urdf/local_setup.dsv
[0.123s] -- Installing: /home/laura/ros2_ws/install/ensamble_general_urdf/share/ensamble_general_urdf/package.dsv
[0.123s] -- Up-to-date: /home/laura/ros2_ws/install/ensamble_general_urdf/share/ament_index/resource_index/packages/ensamble_general_urdf
[0.123s] -- Up-to-date: /home/laura/ros2_ws/install/ensamble_general_urdf/share/ensamble_general_urdf/cmake/ensamble_general_urdfConfig.cmake
[0.123s] -- Up-to-date: /home/laura/ros2_ws/install/ensamble_general_urdf/share/ensamble_general_urdf/cmake/ensamble_general_urdfConfig-version.cmake
[0.123s] -- Up-to-date: /home/laura/ros2_ws/install/ensamble_general_urdf/share/ensamble_general_urdf/package.xml
[0.125s] Invoked command in '/home/laura/ros2_ws/build/ensamble_general_urdf' returned '0': DEBUGINFOD_URLS=https://debuginfod.ubuntu.com /usr/bin/cmake --install /home/laura/ros2_ws/build/ensamble_general_urdf
