[0.010s] Invoking command in '/home/laura/ros2_ws/build/Ensamblee': DEBUGINFOD_URLS=https://debuginfod.ubuntu.com /usr/bin/cmake /home/laura/ros2_ws/src/brazo_robotico_urdf/Ensamblee -DCMAKE_INSTALL_PREFIX=/home/laura/ros2_ws/install/Ensamblee
[0.160s] -- The C compiler identification is GNU 13.3.0
[0.266s] -- The CXX compiler identification is GNU 13.3.0
[0.284s] -- Detecting C compiler ABI info
[0.362s] -- Detecting C compiler ABI info - done
[0.370s] -- Check for working C compiler: /usr/bin/cc - skipped
[0.370s] -- Detecting C compile features
[0.371s] -- Detecting C compile features - done
[0.379s] -- Detecting CXX compiler ABI info
[0.460s] -- Detecting CXX compiler ABI info - done
[0.468s] -- Check for working CXX compiler: /usr/bin/c++ - skipped
[0.469s] -- Detecting CXX compile features
[0.469s] -- Detecting CXX compile features - done
[0.480s] [31mCMake Error at CMakeLists.txt:8 (find_package):
[0.480s]   By not providing "Findament_cmake.cmake" in CMAKE_MODULE_PATH this project
[0.480s]   has asked CMake to find a package configuration file provided by
[0.480s]   "ament_cmake", but CMake did not find one.
[0.480s] 
[0.480s]   Could not find a package configuration file provided by "ament_cmake" with
[0.480s]   any of the following names:
[0.480s] 
[0.480s]     ament_cmakeConfig.cmake
[0.480s]     ament_cmake-config.cmake
[0.480s] 
[0.480s]   Add the installation prefix of "ament_cmake" to CMAKE_PREFIX_PATH or set
[0.480s]   "ament_cmake_DIR" to a directory containing one of the above files.  If
[0.480s]   "ament_cmake" provides a separate development package or SDK, be sure it
[0.480s]   has been installed.
[0.481s] 
[0.481s] [0m
[0.481s] -- Configuring incomplete, errors occurred!
[0.483s] Invoked command in '/home/laura/ros2_ws/build/Ensamblee' returned '1': DEBUGINFOD_URLS=https://debuginfod.ubuntu.com /usr/bin/cmake /home/laura/ros2_ws/src/brazo_robotico_urdf/Ensamblee -DCMAKE_INSTALL_PREFIX=/home/laura/ros2_ws/install/Ensamblee
